生成启动时间为 2016/2/26 1:00:40。
     1>项目“C:\Users\stupidfa\documents\visual studio 2010\Projects\Calculator\Calculator\Calculator.vcxproj”在节点 2 上(build 个目标)。
     1>InitializeBuildStatus:
         正在对“Debug\Calculator.unsuccessfulbuild”执行 Touch 任务。
       ClCompile:
         e:\VS2010\VC\bin\CL.exe /c /ZI /nologo /W3 /WX- /Od /Oy- /D WIN32 /D _DEBUG /D _CONSOLE /D _UNICODE /D UNICODE /Gm /EHsc /RTC1 /MDd /GS /fp:precise /Zc:wchar_t /Zc:forScope /Fo"Debug\\" /Fd"Debug\vc100.pdb" /Gd /TP /analyze- /errorReport:prompt Scan.cpp
         Scan.cpp
     1>c:\users\stupidfa\documents\visual studio 2010\projects\calculator\calculator\scan.cpp(45): warning C4715: “Scan::ToStringQueue”: 不是所有的控件路径都返回值
       ManifestResourceCompile:
         所有输出均为最新。
       Link:
         e:\VS2010\VC\bin\link.exe /ERRORREPORT:PROMPT /OUT:"C:\Users\stupidfa\documents\visual studio 2010\Projects\Calculator\Debug\Calculator.exe" /INCREMENTAL /NOLOGO kernel32.lib user32.lib gdi32.lib winspool.lib comdlg32.lib advapi32.lib shell32.lib ole32.lib oleaut32.lib uuid.lib odbc32.lib odbccp32.lib /MANIFEST /ManifestFile:"Debug\Calculator.exe.intermediate.manifest" /MANIFESTUAC:"level='asInvoker' uiAccess='false'" /DEBUG /PDB:"C:\Users\stupidfa\documents\visual studio 2010\Projects\Calculator\Debug\Calculator.pdb" /SUBSYSTEM:CONSOLE /TLBID:1 /DYNAMICBASE /NXCOMPAT /IMPLIB:"C:\Users\stupidfa\documents\visual studio 2010\Projects\Calculator\Debug\Calculator.lib" /MACHINE:X86 Debug\Calculator.exe.embed.manifest.res
         Debug\Calculator.obj
         Debug\Print.obj
         Debug\Scan.obj
       Manifest:
         C:\Program Files (x86)\Microsoft SDKs\Windows\v7.0A\bin\mt.exe /nologo /verbose /out:"Debug\Calculator.exe.embed.manifest" /manifest Debug\Calculator.exe.intermediate.manifest
         所有输出均为最新。
       LinkEmbedManifest:
         所有输出均为最新。
         Calculator.vcxproj -> C:\Users\stupidfa\documents\visual studio 2010\Projects\Calculator\Debug\Calculator.exe
       FinalizeBuildStatus:
         正在删除文件“Debug\Calculator.unsuccessfulbuild”。
         正在对“Debug\Calculator.lastbuildstate”执行 Touch 任务。
     1>已完成生成项目“C:\Users\stupidfa\documents\visual studio 2010\Projects\Calculator\Calculator\Calculator.vcxproj”(build 个目标)的操作。

生成成功。

已用时间 00:00:02.59
