生成启动时间为 2016/5/8 20:34:43。
     1>项目“C:\Users\Stupidfa\documents\visual studio 2015\Projects\5\5\5.vcxproj”在节点 2 上(Build 个目标)。
     1>ClCompile:
         E:\VS2015\VC\bin\CL.exe /c /ZI /nologo /W3 /WX- /sdl /Od /Oy- /D WIN32 /D _DEBUG /D _CONSOLE /D _UNICODE /D UNICODE /Gm /EHsc /RTC1 /MDd /GS /fp:precise /Zc:wchar_t /Zc:forScope /Zc:inline /Fo"Debug\\" /Fd"Debug\vc140.pdb" /Gd /TP /analyze- /errorReport:prompt Calculation.cpp Print.cpp Scan.cpp main.cpp
         main.cpp
         Scan.cpp
         Print.cpp
         Calculation.cpp
     1>c:\users\stupidfa\documents\visual studio 2015\projects\5\5\calculation.cpp(165): warning C4244: “return”: 从“double”转换到“int”，可能丢失数据
         正在生成代码...
     1>c:\users\stupidfa\documents\visual studio 2015\projects\5\5\calculation.cpp(37): warning C4715: “Calculation::precede”: 不是所有的控件路径都返回值
       Link:
         E:\VS2015\VC\bin\link.exe /ERRORREPORT:PROMPT /OUT:"C:\Users\Stupidfa\documents\visual studio 2015\Projects\5\Debug\5.exe" /INCREMENTAL /NOLOGO kernel32.lib user32.lib gdi32.lib winspool.lib comdlg32.lib advapi32.lib shell32.lib ole32.lib oleaut32.lib uuid.lib odbc32.lib odbccp32.lib /MANIFEST /MANIFESTUAC:"level='asInvoker' uiAccess='false'" /manifest:embed /Debug /PDB:"C:\Users\Stupidfa\documents\visual studio 2015\Projects\5\Debug\5.pdb" /SUBSYSTEM:CONSOLE /TLBID:1 /DYNAMICBASE /NXCOMPAT /IMPLIB:"C:\Users\Stupidfa\documents\visual studio 2015\Projects\5\Debug\5.lib" /MACHINE:X86 Debug\Calculation.obj
         Debug\main.obj
         Debug\Print.obj
         Debug\Scan.obj
         5.vcxproj -> C:\Users\Stupidfa\documents\visual studio 2015\Projects\5\Debug\5.exe
     1>已完成生成项目“C:\Users\Stupidfa\documents\visual studio 2015\Projects\5\5\5.vcxproj”(Build 个目标)的操作。

已成功生成。

已用时间 00:00:12.53
